TN:
SF:g:\myProjects\LinkManagerRepo\LinkManager\WebApp\sources\CONST.js
FNF:0
FNH:0
DA:1,1
LF:1
LH:1
BRF:0
BRH:0
end_of_record
TN:
SF:g:\myProjects\LinkManagerRepo\LinkManager\WebApp\sources\app.js
FN:6,(anonymous_1)
FN:15,(anonymous_2)
FN:27,routeConfig
FN:76,(anonymous_4)
FN:86,(anonymous_5)
FNF:5
FNH:3
FNDA:20,(anonymous_1)
FNDA:20,(anonymous_2)
FNDA:20,routeConfig
FNDA:0,(anonymous_4)
FNDA:0,(anonymous_5)
DA:1,1
DA:6,1
DA:8,20
DA:10,20
DA:12,20
DA:15,1
DA:16,20
DA:27,1
DA:31,20
DA:77,0
DA:87,0
LF:11
LH:9
BRF:0
BRH:0
end_of_record
TN:
SF:g:\myProjects\LinkManagerRepo\LinkManager\WebApp\sources\app\demo\demoController.js
FN:1,demoController
FN:8,(anonymous_2)
FN:14,(anonymous_3)
FN:18,(anonymous_4)
FN:20,(anonymous_5)
FN:26,(anonymous_6)
FN:32,(anonymous_7)
FN:33,(anonymous_8)
FN:38,(anonymous_9)
FN:39,(anonymous_10)
FNF:10
FNH:0
FNDA:0,demoController
FNDA:0,(anonymous_2)
FNDA:0,(anonymous_3)
FNDA:0,(anonymous_4)
FNDA:0,(anonymous_5)
FNDA:0,(anonymous_6)
FNDA:0,(anonymous_7)
FNDA:0,(anonymous_8)
FNDA:0,(anonymous_9)
FNDA:0,(anonymous_10)
DA:1,1
DA:2,0
DA:3,0
DA:4,0
DA:6,0
DA:8,0
DA:9,0
DA:10,0
DA:14,0
DA:16,0
DA:17,0
DA:19,0
DA:21,0
DA:26,0
DA:27,0
DA:28,0
DA:32,0
DA:33,0
DA:34,0
DA:38,0
DA:39,0
DA:40,0
DA:44,0
DA:47,1
LF:24
LH:2
BRDA:9,1,0,0
BRDA:9,1,1,0
BRDA:16,2,0,0
BRDA:16,2,1,0
BRDA:16,3,0,0
BRDA:16,3,1,0
BRDA:27,4,0,0
BRDA:27,4,1,0
BRF:8
BRH:0
end_of_record
TN:
SF:g:\myProjects\LinkManagerRepo\LinkManager\WebApp\sources\app\directives\tagSideNav\tagSideNav.js
FN:1,tagSideNav
FN:9,(anonymous_2)
FN:14,(anonymous_3)
FN:18,(anonymous_4)
FNF:4
FNH:0
FNDA:0,tagSideNav
FNDA:0,(anonymous_2)
FNDA:0,(anonymous_3)
FNDA:0,(anonymous_4)
DA:1,1
DA:2,0
DA:11,0
DA:12,0
DA:14,0
DA:15,0
DA:18,0
DA:19,0
DA:20,0
DA:26,1
LF:10
LH:2
BRF:0
BRH:0
end_of_record
TN:
SF:g:\myProjects\LinkManagerRepo\LinkManager\WebApp\sources\app\explore\exploreController.js
FN:1,exploreController
FN:4,(anonymous_2)
FN:6,(anonymous_3)
FNF:3
FNH:0
FNDA:0,exploreController
FNDA:0,(anonymous_2)
FNDA:0,(anonymous_3)
DA:1,1
DA:2,0
DA:4,0
DA:5,0
DA:7,0
DA:12,1
LF:6
LH:2
BRF:0
BRH:0
end_of_record
TN:
SF:g:\myProjects\LinkManagerRepo\LinkManager\WebApp\sources\app\home\homeController.js
FN:2,homeController
FN:8,(anonymous_2)
FNF:2
FNH:0
FNDA:0,homeController
FNDA:0,(anonymous_2)
DA:2,1
DA:3,0
DA:5,0
DA:6,0
DA:8,0
DA:9,0
DA:13,1
LF:7
LH:2
BRF:0
BRH:0
end_of_record
TN:
SF:g:\myProjects\LinkManagerRepo\LinkManager\WebApp\sources\app\lookup\lookupController.js
FN:1,lookupController
FN:5,(anonymous_2)
FN:6,(anonymous_3)
FN:16,(anonymous_4)
FN:17,(anonymous_5)
FNF:5
FNH:0
FNDA:0,lookupController
FNDA:0,(anonymous_2)
FNDA:0,(anonymous_3)
FNDA:0,(anonymous_4)
FNDA:0,(anonymous_5)
DA:1,1
DA:2,0
DA:3,0
DA:5,0
DA:6,0
DA:7,0
DA:12,0
DA:13,0
DA:16,0
DA:17,0
DA:18,0
DA:22,0
DA:25,1
LF:13
LH:2
BRDA:12,1,0,0
BRDA:12,1,1,0
BRDA:12,2,0,0
BRDA:12,2,1,0
BRF:4
BRH:0
end_of_record
TN:
SF:g:\myProjects\LinkManagerRepo\LinkManager\WebApp\sources\app\lookup\lookupService.js
FN:1,lookupService
FN:5,(anonymous_2)
FN:7,(anonymous_3)
FN:11,(anonymous_4)
FNF:4
FNH:3
FNDA:5,lookupService
FNDA:5,(anonymous_2)
FNDA:0,(anonymous_3)
FNDA:2,(anonymous_4)
DA:1,1
DA:2,5
DA:3,5
DA:5,5
DA:6,5
DA:7,0
DA:8,0
DA:11,5
DA:12,2
DA:18,1
LF:10
LH:8
BRDA:6,1,0,0
BRDA:6,1,1,5
BRF:2
BRH:1
end_of_record
TN:
SF:g:\myProjects\LinkManagerRepo\LinkManager\WebApp\sources\app\resources\linkController.js
FN:1,linkController
FN:7,(anonymous_2)
FN:11,(anonymous_3)
FN:12,(anonymous_4)
FN:18,(anonymous_5)
FN:19,(anonymous_6)
FN:23,(anonymous_7)
FNF:7
FNH:0
FNDA:0,linkController
FNDA:0,(anonymous_2)
FNDA:0,(anonymous_3)
FNDA:0,(anonymous_4)
FNDA:0,(anonymous_5)
FNDA:0,(anonymous_6)
FNDA:0,(anonymous_7)
DA:1,1
DA:2,0
DA:3,0
DA:5,0
DA:7,0
DA:11,0
DA:12,0
DA:14,0
DA:18,0
DA:19,0
DA:23,0
DA:25,0
DA:35,1
LF:13
LH:2
BRF:0
BRH:0
end_of_record
TN:
SF:g:\myProjects\LinkManagerRepo\LinkManager\WebApp\sources\app\resources\linkService.js
FN:1,linkService
FN:4,(anonymous_2)
FN:5,(anonymous_3)
FN:10,(anonymous_4)
FN:14,(anonymous_5)
FN:18,(anonymous_6)
FNF:6
FNH:2
FNDA:5,linkService
FNDA:0,(anonymous_2)
FNDA:0,(anonymous_3)
FNDA:0,(anonymous_4)
FNDA:0,(anonymous_5)
FNDA:5,(anonymous_6)
DA:1,1
DA:2,5
DA:4,5
DA:5,0
DA:6,0
DA:10,5
DA:11,0
DA:14,5
DA:15,0
DA:18,5
DA:19,5
DA:23,1
LF:12
LH:8
BRF:0
BRH:0
end_of_record
TN:
SF:g:\myProjects\LinkManagerRepo\LinkManager\WebApp\sources\app\rules\credscontroller.js
FNF:0
FNH:0
LF:0
LH:0
BRF:0
BRH:0
end_of_record
TN:
SF:g:\myProjects\LinkManagerRepo\LinkManager\WebApp\sources\app\services\APIService.js
FN:1,APIService
FN:4,(anonymous_2)
FN:11,(anonymous_3)
FNF:3
FNH:2
FNDA:5,APIService
FNDA:5,(anonymous_2)
FNDA:0,(anonymous_3)
DA:1,1
DA:2,5
DA:4,5
DA:5,5
DA:11,5
DA:12,0
DA:16,1
LF:7
LH:6
BRF:0
BRH:0
end_of_record
TN:
SF:g:\myProjects\LinkManagerRepo\LinkManager\WebApp\sources\app\services\authService.js
FN:1,authService
FN:4,(anonymous_2)
FN:17,(anonymous_3)
FN:26,(anonymous_4)
FN:30,(anonymous_5)
FN:34,(anonymous_6)
FNF:6
FNH:0
FNDA:0,authService
FNDA:0,(anonymous_2)
FNDA:0,(anonymous_3)
FNDA:0,(anonymous_4)
FNDA:0,(anonymous_5)
FNDA:0,(anonymous_6)
DA:1,1
DA:2,0
DA:4,0
DA:6,0
DA:7,0
DA:9,0
DA:10,0
DA:11,0
DA:12,0
DA:14,0
DA:17,0
DA:18,0
DA:19,0
DA:20,0
DA:21,0
DA:23,0
DA:26,0
DA:27,0
DA:30,0
DA:31,0
DA:34,0
DA:35,0
DA:39,1
LF:23
LH:2
BRDA:6,1,0,0
BRDA:6,1,1,0
BRDA:9,2,0,0
BRDA:9,2,1,0
BRDA:19,3,0,0
BRDA:19,3,1,0
BRF:6
BRH:0
end_of_record
TN:
SF:g:\myProjects\LinkManagerRepo\LinkManager\WebApp\sources\app\services\demoModeService.js
FN:1,demoModeService
FN:9,(anonymous_2)
FN:13,(anonymous_3)
FN:19,(anonymous_4)
FN:23,(anonymous_5)
FN:27,(anonymous_6)
FNF:6
FNH:6
FNDA:20,demoModeService
FNDA:6,(anonymous_2)
FNDA:10,(anonymous_3)
FNDA:7,(anonymous_4)
FNDA:4,(anonymous_5)
FNDA:10,(anonymous_6)
DA:1,1
DA:2,20
DA:9,20
DA:10,6
DA:13,20
DA:14,10
DA:15,10
DA:16,10
DA:19,20
DA:20,7
DA:23,20
DA:24,4
DA:27,20
DA:28,10
DA:29,10
DA:36,1
LF:16
LH:16
BRDA:10,1,0,6
BRDA:10,1,1,3
BRF:2
BRH:2
end_of_record
TN:
SF:g:\myProjects\LinkManagerRepo\LinkManager\WebApp\sources\app\services\interceptor.js
FN:1,interceptor
FN:3,(anonymous_2)
FN:14,(anonymous_3)
FN:24,(anonymous_4)
FN:32,(anonymous_5)
FN:72,(anonymous_6)
FNF:6
FNH:1
FNDA:0,interceptor
FNDA:0,(anonymous_2)
FNDA:0,(anonymous_3)
FNDA:0,(anonymous_4)
FNDA:0,(anonymous_5)
FNDA:20,(anonymous_6)
DA:1,1
DA:2,0
DA:4,0
DA:5,0
DA:6,0
DA:11,0
DA:15,0
DA:16,0
DA:17,0
DA:21,0
DA:25,0
DA:26,0
DA:29,0
DA:33,0
DA:35,0
DA:36,0
DA:38,0
DA:39,0
DA:40,0
DA:43,0
DA:71,1
DA:73,20
LF:22
LH:3
BRDA:5,1,0,0
BRDA:5,1,1,0
BRDA:5,2,0,0
BRDA:5,2,1,0
BRDA:15,3,0,0
BRDA:15,3,1,0
BRDA:15,4,0,0
BRDA:15,4,1,0
BRDA:15,4,2,0
BRDA:25,5,0,0
BRDA:25,5,1,0
BRDA:25,6,0,0
BRDA:25,6,1,0
BRDA:33,7,0,0
BRDA:33,7,1,0
BRDA:33,8,0,0
BRDA:33,8,1,0
BRDA:38,9,0,0
BRDA:38,9,1,0
BRDA:38,10,0,0
BRDA:38,10,1,0
BRDA:38,10,2,0
BRF:22
BRH:0
end_of_record
TN:
SF:g:\myProjects\LinkManagerRepo\LinkManager\WebApp\sources\app\services\storageService.js
FN:1,storageService
FN:6,(anonymous_2)
FN:10,(anonymous_3)
FN:14,(anonymous_4)
FNF:4
FNH:4
FNDA:10,storageService
FNDA:2,(anonymous_2)
FNDA:2,(anonymous_3)
FNDA:3,(anonymous_4)
DA:1,1
DA:2,10
DA:4,10
DA:6,10
DA:7,2
DA:10,10
DA:11,2
DA:14,10
DA:15,3
DA:19,1
LF:10
LH:10
BRF:0
BRH:0
end_of_record
TN:
SF:g:\myProjects\LinkManagerRepo\LinkManager\WebApp\sources\app\services\userService.js
FN:1,userService
FN:3,(anonymous_2)
FN:7,(anonymous_3)
FN:20,(anonymous_4)
FN:33,(anonymous_5)
FN:38,(anonymous_6)
FN:46,(anonymous_7)
FN:61,(anonymous_8)
FN:65,(anonymous_9)
FN:69,(anonymous_10)
FNF:10
FNH:0
FNDA:0,userService
FNDA:0,(anonymous_2)
FNDA:0,(anonymous_3)
FNDA:0,(anonymous_4)
FNDA:0,(anonymous_5)
FNDA:0,(anonymous_6)
FNDA:0,(anonymous_7)
FNDA:0,(anonymous_8)
FNDA:0,(anonymous_9)
FNDA:0,(anonymous_10)
DA:1,1
DA:2,0
DA:3,0
DA:4,0
DA:7,0
DA:8,0
DA:9,0
DA:11,0
DA:20,0
DA:21,0
DA:22,0
DA:24,0
DA:33,0
DA:34,0
DA:35,0
DA:38,0
DA:39,0
DA:40,0
DA:41,0
DA:43,0
DA:46,0
DA:47,0
DA:48,0
DA:49,0
DA:51,0
DA:61,0
DA:62,0
DA:65,0
DA:66,0
DA:69,0
DA:70,0
DA:71,0
DA:72,0
DA:78,1
LF:34
LH:2
BRDA:8,1,0,0
BRDA:8,1,1,0
BRDA:21,2,0,0
BRDA:21,2,1,0
BRDA:34,3,0,0
BRDA:34,3,1,0
BRDA:40,4,0,0
BRDA:40,4,1,0
BRDA:48,5,0,0
BRDA:48,5,1,0
BRDA:71,6,0,0
BRDA:71,6,1,0
BRF:12
BRH:0
end_of_record
TN:
SF:g:\myProjects\LinkManagerRepo\LinkManager\WebApp\sources\app\user\accountController.js
FN:1,accountController
FN:11,(anonymous_2)
FN:14,(anonymous_3)
FN:22,(anonymous_4)
FN:26,(anonymous_5)
FN:30,(anonymous_6)
FNF:6
FNH:0
FNDA:0,accountController
FNDA:0,(anonymous_2)
FNDA:0,(anonymous_3)
FNDA:0,(anonymous_4)
FNDA:0,(anonymous_5)
FNDA:0,(anonymous_6)
DA:1,1
DA:2,0
DA:4,0
DA:5,0
DA:7,0
DA:8,0
DA:9,0
DA:11,0
DA:12,0
DA:13,0
DA:15,0
DA:16,0
DA:18,0
DA:22,0
DA:23,0
DA:26,0
DA:27,0
DA:30,0
DA:31,0
DA:35,1
LF:20
LH:2
BRDA:15,1,0,0
BRDA:15,1,1,0
BRDA:18,2,0,0
BRDA:18,2,1,0
BRDA:18,2,2,0
BRDA:31,3,0,0
BRDA:31,3,1,0
BRF:7
BRH:0
end_of_record
TN:
SF:g:\myProjects\LinkManagerRepo\LinkManager\WebApp\sources\appController.js
FN:1,appController
FN:7,(anonymous_2)
FN:13,(anonymous_3)
FN:15,updateUser
FN:20,(anonymous_5)
FNF:5
FNH:0
FNDA:0,appController
FNDA:0,(anonymous_2)
FNDA:0,(anonymous_3)
FNDA:0,updateUser
FNDA:0,(anonymous_5)
DA:1,1
DA:2,0
DA:4,0
DA:5,0
DA:7,0
DA:8,0
DA:9,0
DA:10,0
DA:13,0
DA:15,1
DA:16,0
DA:17,0
DA:20,0
DA:21,0
DA:25,0
DA:32,1
LF:16
LH:3
BRDA:8,1,0,0
BRDA:8,1,1,0
BRF:2
BRH:0
end_of_record
TN:
SF:g:\myProjects\LinkManagerRepo\LinkManager\WebApp\sources\const.js
FNF:0
FNH:0
DA:1,1
LF:1
LH:1
BRF:0
BRH:0
end_of_record
